<?xml version="1.0" encoding="UTF-8"?>
<!-- Generated by org.testng.reporters.JUnitReportReporter -->
<testsuite hostname="VE23082022-J38H" failures="0" tests="5" name="com.qa.opencart.tests.LoginPageTest" time="0.299" errors="0" timestamp="2024-11-13T18:35:10 IST" skipped="0">
  <testcase classname="com.qa.opencart.tests.LoginPageTest" name="loginPageTitleTest" time="0.037"/>
  <testcase classname="com.qa.opencart.tests.LoginPageTest" name="loginPageUrlTest" time="0.008"/>
  <testcase classname="com.qa.opencart.tests.LoginPageTest" name="forgotPwdLinkTest" time="0.031"/>
  <testcase classname="com.qa.opencart.tests.LoginPageTest" name="regirsterLinkTest" time="0.022"/>
  <testcase classname="com.qa.opencart.tests.LoginPageTest" name="loginTest" time="0.201"/>
</testsuite> <!-- com.qa.opencart.tests.LoginPageTest -->
