<?xml version="1.0" encoding="UTF-8"?>
<!-- Generated by org.testng.reporters.JUnitReportReporter -->
<testsuite hostname="DESKTOP-PPODBDV" failures="0" tests="5" name="com.qa.opencart.tests.LoginPageTest" time="0.462" errors="0" timestamp="2024-11-14T18:00:49 IST" skipped="0">
  <testcase classname="com.qa.opencart.tests.LoginPageTest" name="loginPageTitleTest" time="0.061"/>
  <testcase classname="com.qa.opencart.tests.LoginPageTest" name="loginPageUrlTest" time="0.010"/>
  <testcase classname="com.qa.opencart.tests.LoginPageTest" name="forgotPwdLinkTest" time="0.041"/>
  <testcase classname="com.qa.opencart.tests.LoginPageTest" name="regirsterLinkTest" time="0.034"/>
  <testcase classname="com.qa.opencart.tests.LoginPageTest" name="loginTest" time="0.316"/>
</testsuite> <!-- com.qa.opencart.tests.LoginPageTest -->
