<?xml version="1.0" encoding="UTF-8"?>
<!-- Generated by org.testng.reporters.JUnitReportReporter -->
<<<<<<< HEAD
<testsuite hostname="DESKTOP-PPODBDV" failures="0" tests="5" name="com.qa.opencart.tests.LoginPageTest" time="0.479" errors="0" timestamp="2024-11-16T15:11:12 IST" skipped="0">
  <testcase classname="com.qa.opencart.tests.LoginPageTest" name="loginPageTitleTest" time="0.078"/>
  <testcase classname="com.qa.opencart.tests.LoginPageTest" name="loginPageUrlTest" time="0.011"/>
  <testcase classname="com.qa.opencart.tests.LoginPageTest" name="forgotPwdLinkTest" time="0.049"/>
  <testcase classname="com.qa.opencart.tests.LoginPageTest" name="regirsterLinkTest" time="0.036"/>
  <testcase classname="com.qa.opencart.tests.LoginPageTest" name="loginTest" time="0.305"/>
=======
<testsuite hostname="VE23082022-J38H" failures="0" tests="5" name="com.qa.opencart.tests.LoginPageTest" time="0.407" errors="0" timestamp="2024-11-15T11:39:15 IST" skipped="0">
  <testcase classname="com.qa.opencart.tests.LoginPageTest" name="loginPageTitleTest" time="0.047"/>
  <testcase classname="com.qa.opencart.tests.LoginPageTest" name="loginPageUrlTest" time="0.009"/>
  <testcase classname="com.qa.opencart.tests.LoginPageTest" name="forgotPwdLinkTest" time="0.028"/>
  <testcase classname="com.qa.opencart.tests.LoginPageTest" name="regirsterLinkTest" time="0.026"/>
  <testcase classname="com.qa.opencart.tests.LoginPageTest" name="loginTest" time="0.297"/>
>>>>>>> 9099b434ecd6bf2dc9c766fab27a898d08f02260
</testsuite> <!-- com.qa.opencart.tests.LoginPageTest -->
