<?xml version="1.0" encoding="UTF-8"?>
<!-- Generated by org.testng.reporters.JUnitReportReporter -->
<testsuite hostname="DESKTOP-PPODBDV" failures="0" tests="5" name="com.qa.opencart.tests.LoginPageTest" time="0.479" errors="0" timestamp="2024-11-16T15:11:12 IST" skipped="0">
  <testcase classname="com.qa.opencart.tests.LoginPageTest" name="loginPageTitleTest" time="0.078"/>
  <testcase classname="com.qa.opencart.tests.LoginPageTest" name="loginPageUrlTest" time="0.011"/>
  <testcase classname="com.qa.opencart.tests.LoginPageTest" name="forgotPwdLinkTest" time="0.049"/>
  <testcase classname="com.qa.opencart.tests.LoginPageTest" name="regirsterLinkTest" time="0.036"/>
  <testcase classname="com.qa.opencart.tests.LoginPageTest" name="loginTest" time="0.305"/>
</testsuite> <!-- com.qa.opencart.tests.LoginPageTest -->
