<?xml version="1.0" encoding="UTF-8"?>
<!-- Generated by org.testng.reporters.JUnitReportReporter -->
<testsuite hostname="VE23082022-J38H" failures="0" tests="5" name="com.qa.opencart.tests.LoginPageTest" time="7.841" errors="0" timestamp="2024-11-18T15:36:48 IST" skipped="0">
  <testcase classname="com.qa.opencart.tests.LoginPageTest" name="loginPageTitleTest" time="0.043"/>
  <testcase classname="com.qa.opencart.tests.LoginPageTest" name="loginPageUrlTest" time="0.010"/>
  <testcase classname="com.qa.opencart.tests.LoginPageTest" name="forgotPwdLinkTest" time="0.029"/>
  <testcase classname="com.qa.opencart.tests.LoginPageTest" name="regirsterLinkTest" time="0.024"/>
  <testcase classname="com.qa.opencart.tests.LoginPageTest" name="loginTest" time="7.735"/>
</testsuite> <!-- com.qa.opencart.tests.LoginPageTest -->
