<?xml version="1.0" encoding="UTF-8"?>
<!-- Generated by org.testng.reporters.JUnitReportReporter -->
<testsuite hostname="VE23082022-J38H" failures="0" tests="5" name="com.qa.opencart.tests.LoginPageTest" time="0.296" errors="0" timestamp="2024-11-13T19:01:39 IST" skipped="0">
  <testcase classname="com.qa.opencart.tests.LoginPageTest" name="loginPageTitleTest" time="0.035"/>
  <testcase classname="com.qa.opencart.tests.LoginPageTest" name="loginPageUrlTest" time="0.008"/>
  <testcase classname="com.qa.opencart.tests.LoginPageTest" name="forgotPwdLinkTest" time="0.027"/>
  <testcase classname="com.qa.opencart.tests.LoginPageTest" name="regirsterLinkTest" time="0.023"/>
  <testcase classname="com.qa.opencart.tests.LoginPageTest" name="loginTest" time="0.203"/>
</testsuite> <!-- com.qa.opencart.tests.LoginPageTest -->
